============================= test session starts =============================
platform win32 -- Python 3.14.0, pytest-9.0.2, pluggy-1.6.0 -- C:\Python314\python.exe
cachedir: .pytest_cache
rootdir: G:\farmaa project\farmaa_backend
configfile: pyproject.toml
plugins: anyio-4.11.0, asyncio-1.3.0
asyncio: mode=Mode.STRICT, debug=False, asyncio_default_fixture_loop_scope=None, asyncio_default_test_loop_scope=function
collecting ... collected 3 items

tests/test_auth.py::test_send_otp_creates_record_and_respects_rate_limit FAILED [ 33%]
tests/test_auth.py::test_verify_otp_returns_token_and_marks_used FAILED  [ 66%]
tests/test_crops.py::test_crops_list_returns_all_roles PASSED            [100%]

================================== FAILURES ===================================
____________ test_send_otp_creates_record_and_respects_rate_limit _____________
C:\Users\bhara\AppData\Roaming\Python\Python314\site-packages\sqlalchemy\engine\base.py:1967: in _exec_single_context
    self.dialect.do_execute(
C:\Users\bhara\AppData\Roaming\Python\Python314\site-packages\sqlalchemy\engine\default.py:952: in do_execute
    cursor.execute(statement, parameters)
E   sqlite3.OperationalError: no such table: otp_codes

The above exception was the direct cause of the following exception:
tests\test_auth.py:41: in test_send_otp_creates_record_and_respects_rate_limit
    response = client.post("/auth/send-otp", json={"phone": "9876543210"})
               ^^^^^^^^^^^^^^^^^^^^^^^^^^^^^^^^^^^^^^^^^^^^^^^^^^^^^^^^^^^
C:\Users\bhara\AppData\Roaming\Python\Python314\site-packages\starlette\testclient.py:546: in post
    return super().post(
C:\Users\bhara\AppData\Roaming\Python\Python314\site-packages\httpx\_client.py:1132: in post
    return self.request(
C:\Users\bhara\AppData\Roaming\Python\Python314\site-packages\starlette\testclient.py:445: in request
    return super().request(
C:\Users\bhara\AppData\Roaming\Python\Python314\site-packages\httpx\_client.py:814: in request
    return self.send(request, auth=auth, follow_redirects=follow_redirects)
           ^^^^^^^^^^^^^^^^^^^^^^^^^^^^^^^^^^^^^^^^^^^^^^^^^^^^^^^^^^^^^^^^
C:\Users\bhara\AppData\Roaming\Python\Python314\site-packages\httpx\_client.py:901: in send
    response = self._send_handling_auth(
C:\Users\bhara\AppData\Roaming\Python\Python314\site-packages\httpx\_client.py:929: in _send_handling_auth
    response = self._send_handling_redirects(
C:\Users\bhara\AppData\Roaming\Python\Python314\site-packages\httpx\_client.py:966: in _send_handling_redirects
    response = self._send_single_request(request)
               ^^^^^^^^^^^^^^^^^^^^^^^^^^^^^^^^^^
C:\Users\bhara\AppData\Roaming\Python\Python314\site-packages\httpx\_client.py:1002: in _send_single_request
    response = transport.handle_request(request)
               ^^^^^^^^^^^^^^^^^^^^^^^^^^^^^^^^^
C:\Users\bhara\AppData\Roaming\Python\Python314\site-packages\starlette\testclient.py:348: in handle_request
    raise exc
C:\Users\bhara\AppData\Roaming\Python\Python314\site-packages\starlette\testclient.py:345: in handle_request
    portal.call(self.app, scope, receive, send)
C:\Users\bhara\AppData\Roaming\Python\Python314\site-packages\anyio\from_thread.py:321: in call
    return cast(T_Retval, self.start_task_soon(func, *args).result())
                          ^^^^^^^^^^^^^^^^^^^^^^^^^^^^^^^^^^^^^^^^^^
C:\Python314\Lib\concurrent\futures\_base.py:450: in result
    return self.__get_result()
           ^^^^^^^^^^^^^^^^^^^
C:\Python314\Lib\concurrent\futures\_base.py:395: in __get_result
    raise self._exception
C:\Users\bhara\AppData\Roaming\Python\Python314\site-packages\anyio\from_thread.py:252: in _call_func
    retval = await retval_or_awaitable
             ^^^^^^^^^^^^^^^^^^^^^^^^^
C:\Users\bhara\AppData\Roaming\Python\Python314\site-packages\fastapi\applications.py:1135: in __call__
    await super().__call__(scope, receive, send)
C:\Users\bhara\AppData\Roaming\Python\Python314\site-packages\starlette\applications.py:107: in __call__
    await self.middleware_stack(scope, receive, send)
C:\Users\bhara\AppData\Roaming\Python\Python314\site-packages\starlette\middleware\errors.py:186: in __call__
    raise exc
C:\Users\bhara\AppData\Roaming\Python\Python314\site-packages\starlette\middleware\errors.py:164: in __call__
    await self.app(scope, receive, _send)
C:\Users\bhara\AppData\Roaming\Python\Python314\site-packages\starlette\middleware\cors.py:85: in __call__
    await self.app(scope, receive, send)
C:\Users\bhara\AppData\Roaming\Python\Python314\site-packages\starlette\middleware\base.py:191: in __call__
    with recv_stream, send_stream, collapse_excgroups():
                                   ^^^^^^^^^^^^^^^^^^^^
C:\Python314\Lib\contextlib.py:162: in __exit__
    self.gen.throw(value)
C:\Users\bhara\AppData\Roaming\Python\Python314\site-packages\starlette\_utils.py:85: in collapse_excgroups
    raise exc
C:\Users\bhara\AppData\Roaming\Python\Python314\site-packages\starlette\middleware\base.py:193: in __call__
    response = await self.dispatch_func(request, call_next)
               ^^^^^^^^^^^^^^^^^^^^^^^^^^^^^^^^^^^^^^^^^^^^
middleware.py:44: in dispatch
    response = await call_next(request)
               ^^^^^^^^^^^^^^^^^^^^^^^^
C:\Users\bhara\AppData\Roaming\Python\Python314\site-packages\starlette\middleware\base.py:168: in call_next
    raise app_exc from app_exc.__cause__ or app_exc.__context__
C:\Users\bhara\AppData\Roaming\Python\Python314\site-packages\starlette\middleware\base.py:144: in coro
    await self.app(scope, receive_or_disconnect, send_no_error)
C:\Users\bhara\AppData\Roaming\Python\Python314\site-packages\starlette\middleware\base.py:191: in __call__
    with recv_stream, send_stream, collapse_excgroups():
                                   ^^^^^^^^^^^^^^^^^^^^
C:\Python314\Lib\contextlib.py:162: in __exit__
    self.gen.throw(value)
C:\Users\bhara\AppData\Roaming\Python\Python314\site-packages\starlette\_utils.py:85: in collapse_excgroups
    raise exc
C:\Users\bhara\AppData\Roaming\Python\Python314\site-packages\starlette\middleware\base.py:193: in __call__
    response = await self.dispatch_func(request, call_next)
               ^^^^^^^^^^^^^^^^^^^^^^^^^^^^^^^^^^^^^^^^^^^^
middleware.py:24: in dispatch
    response = await call_next(request)
               ^^^^^^^^^^^^^^^^^^^^^^^^
C:\Users\bhara\AppData\Roaming\Python\Python314\site-packages\starlette\middleware\base.py:168: in call_next
    raise app_exc from app_exc.__cause__ or app_exc.__context__
C:\Users\bhara\AppData\Roaming\Python\Python314\site-packages\starlette\middleware\base.py:144: in coro
    await self.app(scope, receive_or_disconnect, send_no_error)
C:\Users\bhara\AppData\Roaming\Python\Python314\site-packages\starlette\middleware\exceptions.py:63: in __call__
    await wrap_app_handling_exceptions(self.app, conn)(scope, receive, send)
C:\Users\bhara\AppData\Roaming\Python\Python314\site-packages\starlette\_exception_handler.py:53: in wrapped_app
    raise exc
C:\Users\bhara\AppData\Roaming\Python\Python314\site-packages\starlette\_exception_handler.py:42: in wrapped_app
    await app(scope, receive, sender)
C:\Users\bhara\AppData\Roaming\Python\Python314\site-packages\fastapi\middleware\asyncexitstack.py:18: in __call__
    await self.app(scope, receive, send)
C:\Users\bhara\AppData\Roaming\Python\Python314\site-packages\starlette\routing.py:716: in __call__
    await self.middleware_stack(scope, receive, send)
C:\Users\bhara\AppData\Roaming\Python\Python314\site-packages\starlette\routing.py:736: in app
    await route.handle(scope, receive, send)
C:\Users\bhara\AppData\Roaming\Python\Python314\site-packages\starlette\routing.py:290: in handle
    await self.app(scope, receive, send)
C:\Users\bhara\AppData\Roaming\Python\Python314\site-packages\fastapi\routing.py:118: in app
    await wrap_app_handling_exceptions(app, request)(scope, receive, send)
C:\Users\bhara\AppData\Roaming\Python\Python314\site-packages\starlette\_exception_handler.py:53: in wrapped_app
    raise exc
C:\Users\bhara\AppData\Roaming\Python\Python314\site-packages\starlette\_exception_handler.py:42: in wrapped_app
    await app(scope, receive, sender)
C:\Users\bhara\AppData\Roaming\Python\Python314\site-packages\fastapi\routing.py:104: in app
    response = await f(request)
               ^^^^^^^^^^^^^^^^
C:\Users\bhara\AppData\Roaming\Python\Python314\site-packages\fastapi\routing.py:428: in app
    raw_response = await run_endpoint_function(
C:\Users\bhara\AppData\Roaming\Python\Python314\site-packages\fastapi\routing.py:316: in run_endpoint_function
    return await run_in_threadpool(dependant.call, **values)
           ^^^^^^^^^^^^^^^^^^^^^^^^^^^^^^^^^^^^^^^^^^^^^^^^^
C:\Users\bhara\AppData\Roaming\Python\Python314\site-packages\starlette\concurrency.py:32: in run_in_threadpool
    return await anyio.to_thread.run_sync(func)
           ^^^^^^^^^^^^^^^^^^^^^^^^^^^^^^^^^^^^
C:\Users\bhara\AppData\Roaming\Python\Python314\site-packages\anyio\to_thread.py:56: in run_sync
    return await get_async_backend().run_sync_in_worker_thread(
C:\Users\bhara\AppData\Roaming\Python\Python314\site-packages\anyio\_backends\_asyncio.py:2485: in run_sync_in_worker_thread
    return await future
           ^^^^^^^^^^^^
C:\Users\bhara\AppData\Roaming\Python\Python314\site-packages\anyio\_backends\_asyncio.py:976: in run
    result = context.run(func, *args)
             ^^^^^^^^^^^^^^^^^^^^^^^^
routers\auth_router.py:53: in send_otp
    ).count()
      ^^^^^^^
C:\Users\bhara\AppData\Roaming\Python\Python314\site-packages\sqlalchemy\orm\query.py:3146: in count
    self._legacy_from_self(col).enable_eagerloads(False).scalar()
C:\Users\bhara\AppData\Roaming\Python\Python314\site-packages\sqlalchemy\orm\query.py:2835: in scalar
    ret = self.one()
          ^^^^^^^^^^
C:\Users\bhara\AppData\Roaming\Python\Python314\site-packages\sqlalchemy\orm\query.py:2808: in one
    return self._iter().one()  # type: ignore
           ^^^^^^^^^^^^
C:\Users\bhara\AppData\Roaming\Python\Python314\site-packages\sqlalchemy\orm\query.py:2857: in _iter
    result: Union[ScalarResult[_T], Result[_T]] = self.session.execute(
C:\Users\bhara\AppData\Roaming\Python\Python314\site-packages\sqlalchemy\orm\session.py:2351: in execute
    return self._execute_internal(
C:\Users\bhara\AppData\Roaming\Python\Python314\site-packages\sqlalchemy\orm\session.py:2249: in _execute_internal
    result: Result[Any] = compile_state_cls.orm_execute_statement(
C:\Users\bhara\AppData\Roaming\Python\Python314\site-packages\sqlalchemy\orm\context.py:306: in orm_execute_statement
    result = conn.execute(
C:\Users\bhara\AppData\Roaming\Python\Python314\site-packages\sqlalchemy\engine\base.py:1419: in execute
    return meth(
C:\Users\bhara\AppData\Roaming\Python\Python314\site-packages\sqlalchemy\sql\elements.py:527: in _execute_on_connection
    return connection._execute_clauseelement(
C:\Users\bhara\AppData\Roaming\Python\Python314\site-packages\sqlalchemy\engine\base.py:1641: in _execute_clauseelement
    ret = self._execute_context(
C:\Users\bhara\AppData\Roaming\Python\Python314\site-packages\sqlalchemy\engine\base.py:1846: in _execute_context
    return self._exec_single_context(
C:\Users\bhara\AppData\Roaming\Python\Python314\site-packages\sqlalchemy\engine\base.py:1986: in _exec_single_context
    self._handle_dbapi_exception(
C:\Users\bhara\AppData\Roaming\Python\Python314\site-packages\sqlalchemy\engine\base.py:2363: in _handle_dbapi_exception
    raise sqlalchemy_exception.with_traceback(exc_info[2]) from e
C:\Users\bhara\AppData\Roaming\Python\Python314\site-packages\sqlalchemy\engine\base.py:1967: in _exec_single_context
    self.dialect.do_execute(
C:\Users\bhara\AppData\Roaming\Python\Python314\site-packages\sqlalchemy\engine\default.py:952: in do_execute
    cursor.execute(statement, parameters)
E   sqlalchemy.exc.OperationalError: (sqlite3.OperationalError) no such table: otp_codes
E   [SQL: SELECT count(*) AS count_1 
E   FROM (SELECT otp_codes.id AS otp_codes_id, otp_codes.phone AS otp_codes_phone, otp_codes.code AS otp_codes_code, otp_codes.used AS otp_codes_used, otp_codes.ip_address AS otp_codes_ip_address, otp_codes.created_at AS otp_codes_created_at, otp_codes.expires_at AS otp_codes_expires_at 
E   FROM otp_codes 
E   WHERE otp_codes.phone = ? AND otp_codes.created_at >= ?) AS anon_1]
E   [parameters: ('9876543210', '2026-03-13 13:02:09.830418')]
E   (Background on this error at: https://sqlalche.me/e/20/e3q8)
---------------------------- Captured stderr call -----------------------------
Traceback (most recent call last):
  File "C:\Users\bhara\AppData\Roaming\Python\Python314\site-packages\sqlalchemy\engine\base.py", line 1967, in _exec_single_context
    self.dialect.do_execute(
    ~~~~~~~~~~~~~~~~~~~~~~~^
        cursor, str_statement, effective_parameters, context
        ^^^^^^^^^^^^^^^^^^^^^^^^^^^^^^^^^^^^^^^^^^^^^^^^^^^^
    )
    ^
  File "C:\Users\bhara\AppData\Roaming\Python\Python314\site-packages\sqlalchemy\engine\default.py", line 952, in do_execute
    cursor.execute(statement, parameters)
    ~~~~~~~~~~~~~~^^^^^^^^^^^^^^^^^^^^^^^
sqlite3.OperationalError: no such table: otp_codes

The above exception was the direct cause of the following exception:

Traceback (most recent call last):
  File "C:\Users\bhara\AppData\Roaming\Python\Python314\site-packages\starlette\middleware\errors.py", line 164, in __call__
    await self.app(scope, receive, _send)
  File "C:\Users\bhara\AppData\Roaming\Python\Python314\site-packages\starlette\middleware\cors.py", line 85, in __call__
    await self.app(scope, receive, send)
  File "C:\Users\bhara\AppData\Roaming\Python\Python314\site-packages\starlette\middleware\base.py", line 191, in __call__
    with recv_stream, send_stream, collapse_excgroups():
                                   ~~~~~~~~~~~~~~~~~~^^
  File "C:\Python314\Lib\contextlib.py", line 162, in __exit__
    self.gen.throw(value)
    ~~~~~~~~~~~~~~^^^^^^^
  File "C:\Users\bhara\AppData\Roaming\Python\Python314\site-packages\starlette\_utils.py", line 85, in collapse_excgroups
    raise exc
  File "C:\Users\bhara\AppData\Roaming\Python\Python314\site-packages\starlette\middleware\base.py", line 193, in __call__
    response = await self.dispatch_func(request, call_next)
               ^^^^^^^^^^^^^^^^^^^^^^^^^^^^^^^^^^^^^^^^^^^^
  File "G:\farmaa project\farmaa_backend\middleware.py", line 44, in dispatch
    response = await call_next(request)
               ^^^^^^^^^^^^^^^^^^^^^^^^
  File "C:\Users\bhara\AppData\Roaming\Python\Python314\site-packages\starlette\middleware\base.py", line 168, in call_next
    raise app_exc from app_exc.__cause__ or app_exc.__context__
  File "C:\Users\bhara\AppData\Roaming\Python\Python314\site-packages\starlette\middleware\base.py", line 144, in coro
    await self.app(scope, receive_or_disconnect, send_no_error)
  File "C:\Users\bhara\AppData\Roaming\Python\Python314\site-packages\starlette\middleware\base.py", line 191, in __call__
    with recv_stream, send_stream, collapse_excgroups():
                                   ~~~~~~~~~~~~~~~~~~^^
  File "C:\Python314\Lib\contextlib.py", line 162, in __exit__
    self.gen.throw(value)
    ~~~~~~~~~~~~~~^^^^^^^
  File "C:\Users\bhara\AppData\Roaming\Python\Python314\site-packages\starlette\_utils.py", line 85, in collapse_excgroups
    raise exc
  File "C:\Users\bhara\AppData\Roaming\Python\Python314\site-packages\starlette\middleware\base.py", line 193, in __call__
    response = await self.dispatch_func(request, call_next)
               ^^^^^^^^^^^^^^^^^^^^^^^^^^^^^^^^^^^^^^^^^^^^
  File "G:\farmaa project\farmaa_backend\middleware.py", line 24, in dispatch
    response = await call_next(request)
               ^^^^^^^^^^^^^^^^^^^^^^^^
  File "C:\Users\bhara\AppData\Roaming\Python\Python314\site-packages\starlette\middleware\base.py", line 168, in call_next
    raise app_exc from app_exc.__cause__ or app_exc.__context__
  File "C:\Users\bhara\AppData\Roaming\Python\Python314\site-packages\starlette\middleware\base.py", line 144, in coro
    await self.app(scope, receive_or_disconnect, send_no_error)
  File "C:\Users\bhara\AppData\Roaming\Python\Python314\site-packages\starlette\middleware\exceptions.py", line 63, in __call__
    await wrap_app_handling_exceptions(self.app, conn)(scope, receive, send)
  File "C:\Users\bhara\AppData\Roaming\Python\Python314\site-packages\starlette\_exception_handler.py", line 53, in wrapped_app
    raise exc
  File "C:\Users\bhara\AppData\Roaming\Python\Python314\site-packages\starlette\_exception_handler.py", line 42, in wrapped_app
    await app(scope, receive, sender)
  File "C:\Users\bhara\AppData\Roaming\Python\Python314\site-packages\fastapi\middleware\asyncexitstack.py", line 18, in __call__
    await self.app(scope, receive, send)
  File "C:\Users\bhara\AppData\Roaming\Python\Python314\site-packages\starlette\routing.py", line 716, in __call__
    await self.middleware_stack(scope, receive, send)
  File "C:\Users\bhara\AppData\Roaming\Python\Python314\site-packages\starlette\routing.py", line 736, in app
    await route.handle(scope, receive, send)
  File "C:\Users\bhara\AppData\Roaming\Python\Python314\site-packages\starlette\routing.py", line 290, in handle
    await self.app(scope, receive, send)
  File "C:\Users\bhara\AppData\Roaming\Python\Python314\site-packages\fastapi\routing.py", line 118, in app
    await wrap_app_handling_exceptions(app, request)(scope, receive, send)
  File "C:\Users\bhara\AppData\Roaming\Python\Python314\site-packages\starlette\_exception_handler.py", line 53, in wrapped_app
    raise exc
  File "C:\Users\bhara\AppData\Roaming\Python\Python314\site-packages\starlette\_exception_handler.py", line 42, in wrapped_app
    await app(scope, receive, sender)
  File "C:\Users\bhara\AppData\Roaming\Python\Python314\site-packages\fastapi\routing.py", line 104, in app
    response = await f(request)
               ^^^^^^^^^^^^^^^^
  File "C:\Users\bhara\AppData\Roaming\Python\Python314\site-packages\fastapi\routing.py", line 428, in app
    raw_response = await run_endpoint_function(
                   ^^^^^^^^^^^^^^^^^^^^^^^^^^^^
    ...<3 lines>...
    )
    ^
  File "C:\Users\bhara\AppData\Roaming\Python\Python314\site-packages\fastapi\routing.py", line 316, in run_endpoint_function
    return await run_in_threadpool(dependant.call, **values)
           ^^^^^^^^^^^^^^^^^^^^^^^^^^^^^^^^^^^^^^^^^^^^^^^^^
  File "C:\Users\bhara\AppData\Roaming\Python\Python314\site-packages\starlette\concurrency.py", line 32, in run_in_threadpool
    return await anyio.to_thread.run_sync(func)
           ^^^^^^^^^^^^^^^^^^^^^^^^^^^^^^^^^^^^
  File "C:\Users\bhara\AppData\Roaming\Python\Python314\site-packages\anyio\to_thread.py", line 56, in run_sync
    return await get_async_backend().run_sync_in_worker_thread(
           ^^^^^^^^^^^^^^^^^^^^^^^^^^^^^^^^^^^^^^^^^^^^^^^^^^^^
        func, args, abandon_on_cancel=abandon_on_cancel, limiter=limiter
        ^^^^^^^^^^^^^^^^^^^^^^^^^^^^^^^^^^^^^^^^^^^^^^^^^^^^^^^^^^^^^^^^
    )
    ^
  File "C:\Users\bhara\AppData\Roaming\Python\Python314\site-packages\anyio\_backends\_asyncio.py", line 2485, in run_sync_in_worker_thread
    return await future
           ^^^^^^^^^^^^
  File "C:\Users\bhara\AppData\Roaming\Python\Python314\site-packages\anyio\_backends\_asyncio.py", line 976, in run
    result = context.run(func, *args)
  File "G:\farmaa project\farmaa_backend\routers\auth_router.py", line 53, in send_otp
    ).count()
      ~~~~~^^
  File "C:\Users\bhara\AppData\Roaming\Python\Python314\site-packages\sqlalchemy\orm\query.py", line 3146, in count
    self._legacy_from_self(col).enable_eagerloads(False).scalar()
    ~~~~~~~~~~~~~~~~~~~~~~~~~~~~~~~~~~~~~~~~~~~~~~~~~~~~~~~~~~~^^
  File "C:\Users\bhara\AppData\Roaming\Python\Python314\site-packages\sqlalchemy\orm\query.py", line 2835, in scalar
    ret = self.one()
  File "C:\Users\bhara\AppData\Roaming\Python\Python314\site-packages\sqlalchemy\orm\query.py", line 2808, in one
    return self._iter().one()  # type: ignore
           ~~~~~~~~~~^^
  File "C:\Users\bhara\AppData\Roaming\Python\Python314\site-packages\sqlalchemy\orm\query.py", line 2857, in _iter
    result: Union[ScalarResult[_T], Result[_T]] = self.session.execute(
                                                  ~~~~~~~~~~~~~~~~~~~~^
        statement,
        ^^^^^^^^^^
        params,
        ^^^^^^^
        execution_options={"_sa_orm_load_options": self.load_options},
        ^^^^^^^^^^^^^^^^^^^^^^^^^^^^^^^^^^^^^^^^^^^^^^^^^^^^^^^^^^^^^^
    )
    ^
  File "C:\Users\bhara\AppData\Roaming\Python\Python314\site-packages\sqlalchemy\orm\session.py", line 2351, in execute
    return self._execute_internal(
           ~~~~~~~~~~~~~~~~~~~~~~^
        statement,
        ^^^^^^^^^^
    ...<4 lines>...
        _add_event=_add_event,
        ^^^^^^^^^^^^^^^^^^^^^^
    )
    ^
  File "C:\Users\bhara\AppData\Roaming\Python\Python314\site-packages\sqlalchemy\orm\session.py", line 2249, in _execute_internal
    result: Result[Any] = compile_state_cls.orm_execute_statement(
                          ~~~~~~~~~~~~~~~~~~~~~~~~~~~~~~~~~~~~~~~^
        self,
        ^^^^^
    ...<4 lines>...
        conn,
        ^^^^^
    )
    ^
  File "C:\Users\bhara\AppData\Roaming\Python\Python314\site-packages\sqlalchemy\orm\context.py", line 306, in orm_execute_statement
    result = conn.execute(
        statement, params or {}, execution_options=execution_options
    )
  File "C:\Users\bhara\AppData\Roaming\Python\Python314\site-packages\sqlalchemy\engine\base.py", line 1419, in execute
    return meth(
        self,
        distilled_parameters,
        execution_options or NO_OPTIONS,
    )
  File "C:\Users\bhara\AppData\Roaming\Python\Python314\site-packages\sqlalchemy\sql\elements.py", line 527, in _execute_on_connection
    return connection._execute_clauseelement(
           ~~~~~~~~~~~~~~~~~~~~~~~~~~~~~~~~~^
        self, distilled_params, execution_options
        ^^^^^^^^^^^^^^^^^^^^^^^^^^^^^^^^^^^^^^^^^
    )
    ^
  File "C:\Users\bhara\AppData\Roaming\Python\Python314\site-packages\sqlalchemy\engine\base.py", line 1641, in _execute_clauseelement
    ret = self._execute_context(
        dialect,
    ...<8 lines>...
        cache_hit=cache_hit,
    )
  File "C:\Users\bhara\AppData\Roaming\Python\Python314\site-packages\sqlalchemy\engine\base.py", line 1846, in _execute_context
    return self._exec_single_context(
           ~~~~~~~~~~~~~~~~~~~~~~~~~^
        dialect, context, statement, parameters
        ^^^^^^^^^^^^^^^^^^^^^^^^^^^^^^^^^^^^^^^
    )
    ^
  File "C:\Users\bhara\AppData\Roaming\Python\Python314\site-packages\sqlalchemy\engine\base.py", line 1986, in _exec_single_context
    self._handle_dbapi_exception(
    ~~~~~~~~~~~~~~~~~~~~~~~~~~~~^
        e, str_statement, effective_parameters, cursor, context
        ^^^^^^^^^^^^^^^^^^^^^^^^^^^^^^^^^^^^^^^^^^^^^^^^^^^^^^^
    )
    ^
  File "C:\Users\bhara\AppData\Roaming\Python\Python314\site-packages\sqlalchemy\engine\base.py", line 2363, in _handle_dbapi_exception
    raise sqlalchemy_exception.with_traceback(exc_info[2]) from e
  File "C:\Users\bhara\AppData\Roaming\Python\Python314\site-packages\sqlalchemy\engine\base.py", line 1967, in _exec_single_context
    self.dialect.do_execute(
    ~~~~~~~~~~~~~~~~~~~~~~~^
        cursor, str_statement, effective_parameters, context
        ^^^^^^^^^^^^^^^^^^^^^^^^^^^^^^^^^^^^^^^^^^^^^^^^^^^^
    )
    ^
  File "C:\Users\bhara\AppData\Roaming\Python\Python314\site-packages\sqlalchemy\engine\default.py", line 952, in do_execute
    cursor.execute(statement, parameters)
    ~~~~~~~~~~~~~~^^^^^^^^^^^^^^^^^^^^^^^
sqlalchemy.exc.OperationalError: (sqlite3.OperationalError) no such table: otp_codes
[SQL: SELECT count(*) AS count_1 
FROM (SELECT otp_codes.id AS otp_codes_id, otp_codes.phone AS otp_codes_phone, otp_codes.code AS otp_codes_code, otp_codes.used AS otp_codes_used, otp_codes.ip_address AS otp_codes_ip_address, otp_codes.created_at AS otp_codes_created_at, otp_codes.expires_at AS otp_codes_expires_at 
FROM otp_codes 
WHERE otp_codes.phone = ? AND otp_codes.created_at >= ?) AS anon_1]
[parameters: ('9876543210', '2026-03-13 13:02:09.830418')]
(Background on this error at: https://sqlalche.me/e/20/e3q8)
________________ test_verify_otp_returns_token_and_marks_used _________________
C:\Users\bhara\AppData\Roaming\Python\Python314\site-packages\sqlalchemy\engine\base.py:1967: in _exec_single_context
    self.dialect.do_execute(
C:\Users\bhara\AppData\Roaming\Python\Python314\site-packages\sqlalchemy\engine\default.py:952: in do_execute
    cursor.execute(statement, parameters)
E   sqlite3.OperationalError: no such table: otp_codes

The above exception was the direct cause of the following exception:
tests\test_auth.py:69: in test_verify_otp_returns_token_and_marks_used
    response = client.post("/auth/verify-otp", json={
C:\Users\bhara\AppData\Roaming\Python\Python314\site-packages\starlette\testclient.py:546: in post
    return super().post(
C:\Users\bhara\AppData\Roaming\Python\Python314\site-packages\httpx\_client.py:1132: in post
    return self.request(
C:\Users\bhara\AppData\Roaming\Python\Python314\site-packages\starlette\testclient.py:445: in request
    return super().request(
C:\Users\bhara\AppData\Roaming\Python\Python314\site-packages\httpx\_client.py:814: in request
    return self.send(request, auth=auth, follow_redirects=follow_redirects)
           ^^^^^^^^^^^^^^^^^^^^^^^^^^^^^^^^^^^^^^^^^^^^^^^^^^^^^^^^^^^^^^^^
C:\Users\bhara\AppData\Roaming\Python\Python314\site-packages\httpx\_client.py:901: in send
    response = self._send_handling_auth(
C:\Users\bhara\AppData\Roaming\Python\Python314\site-packages\httpx\_client.py:929: in _send_handling_auth
    response = self._send_handling_redirects(
C:\Users\bhara\AppData\Roaming\Python\Python314\site-packages\httpx\_client.py:966: in _send_handling_redirects
    response = self._send_single_request(request)
               ^^^^^^^^^^^^^^^^^^^^^^^^^^^^^^^^^^
C:\Users\bhara\AppData\Roaming\Python\Python314\site-packages\httpx\_client.py:1002: in _send_single_request
    response = transport.handle_request(request)
               ^^^^^^^^^^^^^^^^^^^^^^^^^^^^^^^^^
C:\Users\bhara\AppData\Roaming\Python\Python314\site-packages\starlette\testclient.py:348: in handle_request
    raise exc
C:\Users\bhara\AppData\Roaming\Python\Python314\site-packages\starlette\testclient.py:345: in handle_request
    portal.call(self.app, scope, receive, send)
C:\Users\bhara\AppData\Roaming\Python\Python314\site-packages\anyio\from_thread.py:321: in call
    return cast(T_Retval, self.start_task_soon(func, *args).result())
                          ^^^^^^^^^^^^^^^^^^^^^^^^^^^^^^^^^^^^^^^^^^
C:\Python314\Lib\concurrent\futures\_base.py:450: in result
    return self.__get_result()
           ^^^^^^^^^^^^^^^^^^^
C:\Python314\Lib\concurrent\futures\_base.py:395: in __get_result
    raise self._exception
C:\Users\bhara\AppData\Roaming\Python\Python314\site-packages\anyio\from_thread.py:252: in _call_func
    retval = await retval_or_awaitable
             ^^^^^^^^^^^^^^^^^^^^^^^^^
C:\Users\bhara\AppData\Roaming\Python\Python314\site-packages\fastapi\applications.py:1135: in __call__
    await super().__call__(scope, receive, send)
C:\Users\bhara\AppData\Roaming\Python\Python314\site-packages\starlette\applications.py:107: in __call__
    await self.middleware_stack(scope, receive, send)
C:\Users\bhara\AppData\Roaming\Python\Python314\site-packages\starlette\middleware\errors.py:186: in __call__
    raise exc
C:\Users\bhara\AppData\Roaming\Python\Python314\site-packages\starlette\middleware\errors.py:164: in __call__
    await self.app(scope, receive, _send)
C:\Users\bhara\AppData\Roaming\Python\Python314\site-packages\starlette\middleware\cors.py:85: in __call__
    await self.app(scope, receive, send)
C:\Users\bhara\AppData\Roaming\Python\Python314\site-packages\starlette\middleware\base.py:191: in __call__
    with recv_stream, send_stream, collapse_excgroups():
                                   ^^^^^^^^^^^^^^^^^^^^
C:\Python314\Lib\contextlib.py:162: in __exit__
    self.gen.throw(value)
C:\Users\bhara\AppData\Roaming\Python\Python314\site-packages\starlette\_utils.py:85: in collapse_excgroups
    raise exc
C:\Users\bhara\AppData\Roaming\Python\Python314\site-packages\starlette\middleware\base.py:193: in __call__
    response = await self.dispatch_func(request, call_next)
               ^^^^^^^^^^^^^^^^^^^^^^^^^^^^^^^^^^^^^^^^^^^^
middleware.py:44: in dispatch
    response = await call_next(request)
               ^^^^^^^^^^^^^^^^^^^^^^^^
C:\Users\bhara\AppData\Roaming\Python\Python314\site-packages\starlette\middleware\base.py:168: in call_next
    raise app_exc from app_exc.__cause__ or app_exc.__context__
C:\Users\bhara\AppData\Roaming\Python\Python314\site-packages\starlette\middleware\base.py:144: in coro
    await self.app(scope, receive_or_disconnect, send_no_error)
C:\Users\bhara\AppData\Roaming\Python\Python314\site-packages\starlette\middleware\base.py:191: in __call__
    with recv_stream, send_stream, collapse_excgroups():
                                   ^^^^^^^^^^^^^^^^^^^^
C:\Python314\Lib\contextlib.py:162: in __exit__
    self.gen.throw(value)
C:\Users\bhara\AppData\Roaming\Python\Python314\site-packages\starlette\_utils.py:85: in collapse_excgroups
    raise exc
C:\Users\bhara\AppData\Roaming\Python\Python314\site-packages\starlette\middleware\base.py:193: in __call__
    response = await self.dispatch_func(request, call_next)
               ^^^^^^^^^^^^^^^^^^^^^^^^^^^^^^^^^^^^^^^^^^^^
middleware.py:24: in dispatch
    response = await call_next(request)
               ^^^^^^^^^^^^^^^^^^^^^^^^
C:\Users\bhara\AppData\Roaming\Python\Python314\site-packages\starlette\middleware\base.py:168: in call_next
    raise app_exc from app_exc.__cause__ or app_exc.__context__
C:\Users\bhara\AppData\Roaming\Python\Python314\site-packages\starlette\middleware\base.py:144: in coro
    await self.app(scope, receive_or_disconnect, send_no_error)
C:\Users\bhara\AppData\Roaming\Python\Python314\site-packages\starlette\middleware\exceptions.py:63: in __call__
    await wrap_app_handling_exceptions(self.app, conn)(scope, receive, send)
C:\Users\bhara\AppData\Roaming\Python\Python314\site-packages\starlette\_exception_handler.py:53: in wrapped_app
    raise exc
C:\Users\bhara\AppData\Roaming\Python\Python314\site-packages\starlette\_exception_handler.py:42: in wrapped_app
    await app(scope, receive, sender)
C:\Users\bhara\AppData\Roaming\Python\Python314\site-packages\fastapi\middleware\asyncexitstack.py:18: in __call__
    await self.app(scope, receive, send)
C:\Users\bhara\AppData\Roaming\Python\Python314\site-packages\starlette\routing.py:716: in __call__
    await self.middleware_stack(scope, receive, send)
C:\Users\bhara\AppData\Roaming\Python\Python314\site-packages\starlette\routing.py:736: in app
    await route.handle(scope, receive, send)
C:\Users\bhara\AppData\Roaming\Python\Python314\site-packages\starlette\routing.py:290: in handle
    await self.app(scope, receive, send)
C:\Users\bhara\AppData\Roaming\Python\Python314\site-packages\fastapi\routing.py:118: in app
    await wrap_app_handling_exceptions(app, request)(scope, receive, send)
C:\Users\bhara\AppData\Roaming\Python\Python314\site-packages\starlette\_exception_handler.py:53: in wrapped_app
    raise exc
C:\Users\bhara\AppData\Roaming\Python\Python314\site-packages\starlette\_exception_handler.py:42: in wrapped_app
    await app(scope, receive, sender)
C:\Users\bhara\AppData\Roaming\Python\Python314\site-packages\fastapi\routing.py:104: in app
    response = await f(request)
               ^^^^^^^^^^^^^^^^
C:\Users\bhara\AppData\Roaming\Python\Python314\site-packages\fastapi\routing.py:428: in app
    raw_response = await run_endpoint_function(
C:\Users\bhara\AppData\Roaming\Python\Python314\site-packages\fastapi\routing.py:316: in run_endpoint_function
    return await run_in_threadpool(dependant.call, **values)
           ^^^^^^^^^^^^^^^^^^^^^^^^^^^^^^^^^^^^^^^^^^^^^^^^^
C:\Users\bhara\AppData\Roaming\Python\Python314\site-packages\starlette\concurrency.py:32: in run_in_threadpool
    return await anyio.to_thread.run_sync(func)
           ^^^^^^^^^^^^^^^^^^^^^^^^^^^^^^^^^^^^
C:\Users\bhara\AppData\Roaming\Python\Python314\site-packages\anyio\to_thread.py:56: in run_sync
    return await get_async_backend().run_sync_in_worker_thread(
C:\Users\bhara\AppData\Roaming\Python\Python314\site-packages\anyio\_backends\_asyncio.py:2485: in run_sync_in_worker_thread
    return await future
           ^^^^^^^^^^^^
C:\Users\bhara\AppData\Roaming\Python\Python314\site-packages\anyio\_backends\_asyncio.py:976: in run
    result = context.run(func, *args)
             ^^^^^^^^^^^^^^^^^^^^^^^^
routers\auth_router.py:109: in verify_otp
    ).order_by(OtpCode.created_at.desc()).first()
                                          ^^^^^^^
C:\Users\bhara\AppData\Roaming\Python\Python314\site-packages\sqlalchemy\orm\query.py:2759: in first
    return self.limit(1)._iter().first()  # type: ignore
           ^^^^^^^^^^^^^^^^^^^^^
C:\Users\bhara\AppData\Roaming\Python\Python314\site-packages\sqlalchemy\orm\query.py:2857: in _iter
    result: Union[ScalarResult[_T], Result[_T]] = self.session.execute(
C:\Users\bhara\AppData\Roaming\Python\Python314\site-packages\sqlalchemy\orm\session.py:2351: in execute
    return self._execute_internal(
C:\Users\bhara\AppData\Roaming\Python\Python314\site-packages\sqlalchemy\orm\session.py:2249: in _execute_internal
    result: Result[Any] = compile_state_cls.orm_execute_statement(
C:\Users\bhara\AppData\Roaming\Python\Python314\site-packages\sqlalchemy\orm\context.py:306: in orm_execute_statement
    result = conn.execute(
C:\Users\bhara\AppData\Roaming\Python\Python314\site-packages\sqlalchemy\engine\base.py:1419: in execute
    return meth(
C:\Users\bhara\AppData\Roaming\Python\Python314\site-packages\sqlalchemy\sql\elements.py:527: in _execute_on_connection
    return connection._execute_clauseelement(
C:\Users\bhara\AppData\Roaming\Python\Python314\site-packages\sqlalchemy\engine\base.py:1641: in _execute_clauseelement
    ret = self._execute_context(
C:\Users\bhara\AppData\Roaming\Python\Python314\site-packages\sqlalchemy\engine\base.py:1846: in _execute_context
    return self._exec_single_context(
C:\Users\bhara\AppData\Roaming\Python\Python314\site-packages\sqlalchemy\engine\base.py:1986: in _exec_single_context
    self._handle_dbapi_exception(
C:\Users\bhara\AppData\Roaming\Python\Python314\site-packages\sqlalchemy\engine\base.py:2363: in _handle_dbapi_exception
    raise sqlalchemy_exception.with_traceback(exc_info[2]) from e
C:\Users\bhara\AppData\Roaming\Python\Python314\site-packages\sqlalchemy\engine\base.py:1967: in _exec_single_context
    self.dialect.do_execute(
C:\Users\bhara\AppData\Roaming\Python\Python314\site-packages\sqlalchemy\engine\default.py:952: in do_execute
    cursor.execute(statement, parameters)
E   sqlalchemy.exc.OperationalError: (sqlite3.OperationalError) no such table: otp_codes
E   [SQL: SELECT otp_codes.id AS otp_codes_id, otp_codes.phone AS otp_codes_phone, otp_codes.code AS otp_codes_code, otp_codes.used AS otp_codes_used, otp_codes.ip_address AS otp_codes_ip_address, otp_codes.created_at AS otp_codes_created_at, otp_codes.expires_at AS otp_codes_expires_at 
E   FROM otp_codes 
E   WHERE otp_codes.phone = ? AND otp_codes.used = 0 ORDER BY otp_codes.created_at DESC
E    LIMIT ? OFFSET ?]
E   [parameters: ('9999999999', 1, 0)]
E   (Background on this error at: https://sqlalche.me/e/20/e3q8)
---------------------------- Captured stderr call -----------------------------
Traceback (most recent call last):
  File "C:\Users\bhara\AppData\Roaming\Python\Python314\site-packages\sqlalchemy\engine\base.py", line 1967, in _exec_single_context
    self.dialect.do_execute(
    ~~~~~~~~~~~~~~~~~~~~~~~^
        cursor, str_statement, effective_parameters, context
        ^^^^^^^^^^^^^^^^^^^^^^^^^^^^^^^^^^^^^^^^^^^^^^^^^^^^
    )
    ^
  File "C:\Users\bhara\AppData\Roaming\Python\Python314\site-packages\sqlalchemy\engine\default.py", line 952, in do_execute
    cursor.execute(statement, parameters)
    ~~~~~~~~~~~~~~^^^^^^^^^^^^^^^^^^^^^^^
sqlite3.OperationalError: no such table: otp_codes

The above exception was the direct cause of the following exception:

Traceback (most recent call last):
  File "C:\Users\bhara\AppData\Roaming\Python\Python314\site-packages\starlette\middleware\errors.py", line 164, in __call__
    await self.app(scope, receive, _send)
  File "C:\Users\bhara\AppData\Roaming\Python\Python314\site-packages\starlette\middleware\cors.py", line 85, in __call__
    await self.app(scope, receive, send)
  File "C:\Users\bhara\AppData\Roaming\Python\Python314\site-packages\starlette\middleware\base.py", line 191, in __call__
    with recv_stream, send_stream, collapse_excgroups():
                                   ~~~~~~~~~~~~~~~~~~^^
  File "C:\Python314\Lib\contextlib.py", line 162, in __exit__
    self.gen.throw(value)
    ~~~~~~~~~~~~~~^^^^^^^
  File "C:\Users\bhara\AppData\Roaming\Python\Python314\site-packages\starlette\_utils.py", line 85, in collapse_excgroups
    raise exc
  File "C:\Users\bhara\AppData\Roaming\Python\Python314\site-packages\starlette\middleware\base.py", line 193, in __call__
    response = await self.dispatch_func(request, call_next)
               ^^^^^^^^^^^^^^^^^^^^^^^^^^^^^^^^^^^^^^^^^^^^
  File "G:\farmaa project\farmaa_backend\middleware.py", line 44, in dispatch
    response = await call_next(request)
               ^^^^^^^^^^^^^^^^^^^^^^^^
  File "C:\Users\bhara\AppData\Roaming\Python\Python314\site-packages\starlette\middleware\base.py", line 168, in call_next
    raise app_exc from app_exc.__cause__ or app_exc.__context__
  File "C:\Users\bhara\AppData\Roaming\Python\Python314\site-packages\starlette\middleware\base.py", line 144, in coro
    await self.app(scope, receive_or_disconnect, send_no_error)
  File "C:\Users\bhara\AppData\Roaming\Python\Python314\site-packages\starlette\middleware\base.py", line 191, in __call__
    with recv_stream, send_stream, collapse_excgroups():
                                   ~~~~~~~~~~~~~~~~~~^^
  File "C:\Python314\Lib\contextlib.py", line 162, in __exit__
    self.gen.throw(value)
    ~~~~~~~~~~~~~~^^^^^^^
  File "C:\Users\bhara\AppData\Roaming\Python\Python314\site-packages\starlette\_utils.py", line 85, in collapse_excgroups
    raise exc
  File "C:\Users\bhara\AppData\Roaming\Python\Python314\site-packages\starlette\middleware\base.py", line 193, in __call__
    response = await self.dispatch_func(request, call_next)
               ^^^^^^^^^^^^^^^^^^^^^^^^^^^^^^^^^^^^^^^^^^^^
  File "G:\farmaa project\farmaa_backend\middleware.py", line 24, in dispatch
    response = await call_next(request)
               ^^^^^^^^^^^^^^^^^^^^^^^^
  File "C:\Users\bhara\AppData\Roaming\Python\Python314\site-packages\starlette\middleware\base.py", line 168, in call_next
    raise app_exc from app_exc.__cause__ or app_exc.__context__
  File "C:\Users\bhara\AppData\Roaming\Python\Python314\site-packages\starlette\middleware\base.py", line 144, in coro
    await self.app(scope, receive_or_disconnect, send_no_error)
  File "C:\Users\bhara\AppData\Roaming\Python\Python314\site-packages\starlette\middleware\exceptions.py", line 63, in __call__
    await wrap_app_handling_exceptions(self.app, conn)(scope, receive, send)
  File "C:\Users\bhara\AppData\Roaming\Python\Python314\site-packages\starlette\_exception_handler.py", line 53, in wrapped_app
    raise exc
  File "C:\Users\bhara\AppData\Roaming\Python\Python314\site-packages\starlette\_exception_handler.py", line 42, in wrapped_app
    await app(scope, receive, sender)
  File "C:\Users\bhara\AppData\Roaming\Python\Python314\site-packages\fastapi\middleware\asyncexitstack.py", line 18, in __call__
    await self.app(scope, receive, send)
  File "C:\Users\bhara\AppData\Roaming\Python\Python314\site-packages\starlette\routing.py", line 716, in __call__
    await self.middleware_stack(scope, receive, send)
  File "C:\Users\bhara\AppData\Roaming\Python\Python314\site-packages\starlette\routing.py", line 736, in app
    await route.handle(scope, receive, send)
  File "C:\Users\bhara\AppData\Roaming\Python\Python314\site-packages\starlette\routing.py", line 290, in handle
    await self.app(scope, receive, send)
  File "C:\Users\bhara\AppData\Roaming\Python\Python314\site-packages\fastapi\routing.py", line 118, in app
    await wrap_app_handling_exceptions(app, request)(scope, receive, send)
  File "C:\Users\bhara\AppData\Roaming\Python\Python314\site-packages\starlette\_exception_handler.py", line 53, in wrapped_app
    raise exc
  File "C:\Users\bhara\AppData\Roaming\Python\Python314\site-packages\starlette\_exception_handler.py", line 42, in wrapped_app
    await app(scope, receive, sender)
  File "C:\Users\bhara\AppData\Roaming\Python\Python314\site-packages\fastapi\routing.py", line 104, in app
    response = await f(request)
               ^^^^^^^^^^^^^^^^
  File "C:\Users\bhara\AppData\Roaming\Python\Python314\site-packages\fastapi\routing.py", line 428, in app
    raw_response = await run_endpoint_function(
                   ^^^^^^^^^^^^^^^^^^^^^^^^^^^^
    ...<3 lines>...
    )
    ^
  File "C:\Users\bhara\AppData\Roaming\Python\Python314\site-packages\fastapi\routing.py", line 316, in run_endpoint_function
    return await run_in_threadpool(dependant.call, **values)
           ^^^^^^^^^^^^^^^^^^^^^^^^^^^^^^^^^^^^^^^^^^^^^^^^^
  File "C:\Users\bhara\AppData\Roaming\Python\Python314\site-packages\starlette\concurrency.py", line 32, in run_in_threadpool
    return await anyio.to_thread.run_sync(func)
           ^^^^^^^^^^^^^^^^^^^^^^^^^^^^^^^^^^^^
  File "C:\Users\bhara\AppData\Roaming\Python\Python314\site-packages\anyio\to_thread.py", line 56, in run_sync
    return await get_async_backend().run_sync_in_worker_thread(
           ^^^^^^^^^^^^^^^^^^^^^^^^^^^^^^^^^^^^^^^^^^^^^^^^^^^^
        func, args, abandon_on_cancel=abandon_on_cancel, limiter=limiter
        ^^^^^^^^^^^^^^^^^^^^^^^^^^^^^^^^^^^^^^^^^^^^^^^^^^^^^^^^^^^^^^^^
    )
    ^
  File "C:\Users\bhara\AppData\Roaming\Python\Python314\site-packages\anyio\_backends\_asyncio.py", line 2485, in run_sync_in_worker_thread
    return await future
           ^^^^^^^^^^^^
  File "C:\Users\bhara\AppData\Roaming\Python\Python314\site-packages\anyio\_backends\_asyncio.py", line 976, in run
    result = context.run(func, *args)
  File "G:\farmaa project\farmaa_backend\routers\auth_router.py", line 109, in verify_otp
    ).order_by(OtpCode.created_at.desc()).first()
                                          ~~~~~^^
  File "C:\Users\bhara\AppData\Roaming\Python\Python314\site-packages\sqlalchemy\orm\query.py", line 2759, in first
    return self.limit(1)._iter().first()  # type: ignore
           ~~~~~~~~~~~~~~~~~~~^^
  File "C:\Users\bhara\AppData\Roaming\Python\Python314\site-packages\sqlalchemy\orm\query.py", line 2857, in _iter
    result: Union[ScalarResult[_T], Result[_T]] = self.session.execute(
                                                  ~~~~~~~~~~~~~~~~~~~~^
        statement,
        ^^^^^^^^^^
        params,
        ^^^^^^^
        execution_options={"_sa_orm_load_options": self.load_options},
        ^^^^^^^^^^^^^^^^^^^^^^^^^^^^^^^^^^^^^^^^^^^^^^^^^^^^^^^^^^^^^^
    )
    ^
  File "C:\Users\bhara\AppData\Roaming\Python\Python314\site-packages\sqlalchemy\orm\session.py", line 2351, in execute
    return self._execute_internal(
           ~~~~~~~~~~~~~~~~~~~~~~^
        statement,
        ^^^^^^^^^^
    ...<4 lines>...
        _add_event=_add_event,
        ^^^^^^^^^^^^^^^^^^^^^^
    )
    ^
  File "C:\Users\bhara\AppData\Roaming\Python\Python314\site-packages\sqlalchemy\orm\session.py", line 2249, in _execute_internal
    result: Result[Any] = compile_state_cls.orm_execute_statement(
                          ~~~~~~~~~~~~~~~~~~~~~~~~~~~~~~~~~~~~~~~^
        self,
        ^^^^^
    ...<4 lines>...
        conn,
        ^^^^^
    )
    ^
  File "C:\Users\bhara\AppData\Roaming\Python\Python314\site-packages\sqlalchemy\orm\context.py", line 306, in orm_execute_statement
    result = conn.execute(
        statement, params or {}, execution_options=execution_options
    )
  File "C:\Users\bhara\AppData\Roaming\Python\Python314\site-packages\sqlalchemy\engine\base.py", line 1419, in execute
    return meth(
        self,
        distilled_parameters,
        execution_options or NO_OPTIONS,
    )
  File "C:\Users\bhara\AppData\Roaming\Python\Python314\site-packages\sqlalchemy\sql\elements.py", line 527, in _execute_on_connection
    return connection._execute_clauseelement(
           ~~~~~~~~~~~~~~~~~~~~~~~~~~~~~~~~~^
        self, distilled_params, execution_options
        ^^^^^^^^^^^^^^^^^^^^^^^^^^^^^^^^^^^^^^^^^
    )
    ^
  File "C:\Users\bhara\AppData\Roaming\Python\Python314\site-packages\sqlalchemy\engine\base.py", line 1641, in _execute_clauseelement
    ret = self._execute_context(
        dialect,
    ...<8 lines>...
        cache_hit=cache_hit,
    )
  File "C:\Users\bhara\AppData\Roaming\Python\Python314\site-packages\sqlalchemy\engine\base.py", line 1846, in _execute_context
    return self._exec_single_context(
           ~~~~~~~~~~~~~~~~~~~~~~~~~^
        dialect, context, statement, parameters
        ^^^^^^^^^^^^^^^^^^^^^^^^^^^^^^^^^^^^^^^
    )
    ^
  File "C:\Users\bhara\AppData\Roaming\Python\Python314\site-packages\sqlalchemy\engine\base.py", line 1986, in _exec_single_context
    self._handle_dbapi_exception(
    ~~~~~~~~~~~~~~~~~~~~~~~~~~~~^
        e, str_statement, effective_parameters, cursor, context
        ^^^^^^^^^^^^^^^^^^^^^^^^^^^^^^^^^^^^^^^^^^^^^^^^^^^^^^^
    )
    ^
  File "C:\Users\bhara\AppData\Roaming\Python\Python314\site-packages\sqlalchemy\engine\base.py", line 2363, in _handle_dbapi_exception
    raise sqlalchemy_exception.with_traceback(exc_info[2]) from e
  File "C:\Users\bhara\AppData\Roaming\Python\Python314\site-packages\sqlalchemy\engine\base.py", line 1967, in _exec_single_context
    self.dialect.do_execute(
    ~~~~~~~~~~~~~~~~~~~~~~~^
        cursor, str_statement, effective_parameters, context
        ^^^^^^^^^^^^^^^^^^^^^^^^^^^^^^^^^^^^^^^^^^^^^^^^^^^^
    )
    ^
  File "C:\Users\bhara\AppData\Roaming\Python\Python314\site-packages\sqlalchemy\engine\default.py", line 952, in do_execute
    cursor.execute(statement, parameters)
    ~~~~~~~~~~~~~~^^^^^^^^^^^^^^^^^^^^^^^
sqlalchemy.exc.OperationalError: (sqlite3.OperationalError) no such table: otp_codes
[SQL: SELECT otp_codes.id AS otp_codes_id, otp_codes.phone AS otp_codes_phone, otp_codes.code AS otp_codes_code, otp_codes.used AS otp_codes_used, otp_codes.ip_address AS otp_codes_ip_address, otp_codes.created_at AS otp_codes_created_at, otp_codes.expires_at AS otp_codes_expires_at 
FROM otp_codes 
WHERE otp_codes.phone = ? AND otp_codes.used = 0 ORDER BY otp_codes.created_at DESC
 LIMIT ? OFFSET ?]
[parameters: ('9999999999', 1, 0)]
(Background on this error at: https://sqlalche.me/e/20/e3q8)
============================== warnings summary ===============================
schemas.py:57
  G:\farmaa project\farmaa_backend\schemas.py:57: PydanticDeprecatedSince20: Support for class-based `config` is deprecated, use ConfigDict instead. Deprecated in Pydantic V2.0 to be removed in V3.0. See Pydantic V2 Migration Guide at https://errors.pydantic.dev/2.12/migration/
    class UserOut(BaseModel):

schemas.py:126
  G:\farmaa project\farmaa_backend\schemas.py:126: PydanticDeprecatedSince20: Support for class-based `config` is deprecated, use ConfigDict instead. Deprecated in Pydantic V2.0 to be removed in V3.0. See Pydantic V2 Migration Guide at https://errors.pydantic.dev/2.12/migration/
    class CropOut(BaseModel):

schemas.py:181
  G:\farmaa project\farmaa_backend\schemas.py:181: PydanticDeprecatedSince20: Support for class-based `config` is deprecated, use ConfigDict instead. Deprecated in Pydantic V2.0 to be removed in V3.0. See Pydantic V2 Migration Guide at https://errors.pydantic.dev/2.12/migration/
    class OrderOut(BaseModel):

schemas.py:212
  G:\farmaa project\farmaa_backend\schemas.py:212: PydanticDeprecatedSince20: Support for class-based `config` is deprecated, use ConfigDict instead. Deprecated in Pydantic V2.0 to be removed in V3.0. See Pydantic V2 Migration Guide at https://errors.pydantic.dev/2.12/migration/
    class MarketPriceOut(BaseModel):

tests/test_auth.py::test_send_otp_creates_record_and_respects_rate_limit
  G:\farmaa project\farmaa_backend\routers\auth_router.py:47: DeprecationWarning: datetime.datetime.utcnow() is deprecated and scheduled for removal in a future version. Use timezone-aware objects to represent datetimes in UTC: datetime.datetime.now(datetime.UTC).
    now = datetime.utcnow()

tests/test_auth.py::test_verify_otp_returns_token_and_marks_used
  G:\farmaa project\farmaa_backend\tests\test_auth.py:63: DeprecationWarning: datetime.datetime.utcnow() is deprecated and scheduled for removal in a future version. Use timezone-aware objects to represent datetimes in UTC: datetime.datetime.now(datetime.UTC).
    expires_at=datetime.utcnow() + timedelta(minutes=5)

tests/test_auth.py::test_verify_otp_returns_token_and_marks_used
tests/test_crops.py::test_crops_list_returns_all_roles
tests/test_crops.py::test_crops_list_returns_all_roles
tests/test_crops.py::test_crops_list_returns_all_roles
tests/test_crops.py::test_crops_list_returns_all_roles
tests/test_crops.py::test_crops_list_returns_all_roles
tests/test_crops.py::test_crops_list_returns_all_roles
tests/test_crops.py::test_crops_list_returns_all_roles
tests/test_crops.py::test_crops_list_returns_all_roles
  C:\Users\bhara\AppData\Roaming\Python\Python314\site-packages\sqlalchemy\sql\schema.py:3624: DeprecationWarning: datetime.datetime.utcnow() is deprecated and scheduled for removal in a future version. Use timezone-aware objects to represent datetimes in UTC: datetime.datetime.now(datetime.UTC).
    return util.wrap_callable(lambda ctx: fn(), fn)  # type: ignore

tests/test_auth.py::test_verify_otp_returns_token_and_marks_used
  G:\farmaa project\farmaa_backend\routers\auth_router.py:105: DeprecationWarning: datetime.datetime.utcnow() is deprecated and scheduled for removal in a future version. Use timezone-aware objects to represent datetimes in UTC: datetime.datetime.now(datetime.UTC).
    now = datetime.utcnow()

-- Docs: https://docs.pytest.org/en/stable/how-to/capture-warnings.html
=========================== short test summary info ===========================
FAILED tests/test_auth.py::test_send_otp_creates_record_and_respects_rate_limit
FAILED tests/test_auth.py::test_verify_otp_returns_token_and_marks_used - sql...
================== 2 failed, 1 passed, 16 warnings in 1.94s ===================
